Arguments: 
  /usr/bin/node /usr/bin/yarn add -D ts-node

PATH: 
  /opt/firefox/firefox:/home/devphase/.bun/bin:/opt/firefox/firefox:/home/devphase/.bun/bin:/home/devphase/.cargo/bin:/usr/local/sbin:/usr/local/bin:/usr/sbin:/usr/bin:/sbin:/bin:/usr/games:/usr/local/games:/snap/bin:/snap/bin

Yarn version: 
  1.22.17

Node version: 
  17.7.1

Platform: 
  linux x64

Trace: 
  Error: connect ENETUNREACH 104.16.26.35:443
      at TCPConnectWrap.afterConnect [as oncomplete] (node:net:1187:16)

npm manifest: 
  {
    "name": "backend",
    "version": "1.0.0",
    "description": "",
    "main": "index.js",
    "scripts": {
      "test": "echo \"Error: no test specified\" && exit 1"
    },
    "author": "",
    "license": "ISC",
    "dependencies": {
      "cors": "^2.8.5",
      "dotenv": "^16.0.1",
      "express": "^4.18.1",
      "helmet": "^5.1.0",
      "micro": "^9.3.4",
      "morgan": "^1.10.0",
      "seneca": "^3.28.2"
    },
    "devDependencies": {
      "@types/express": "^4.17.13",
      "typescript": "^4.7.4"
    }
  }

yarn manifest: 
  No manifest

Lockfile: 
  # THIS IS AN AUTOGENERATED FILE. DO NOT EDIT THIS FILE DIRECTLY.
  # yarn lockfile v1
  
  
  "@hapi/address@^4.0.1":
    version "4.1.0"
    resolved "https://registry.npmjs.org/@hapi/address/-/address-4.1.0.tgz"
    integrity sha512-SkszZf13HVgGmChdHo/PxchnSaCJ6cetVqLzyciudzZRT0jcOouIF/Q93mgjw8cce+D+4F4C1Z/WrfFN+O3VHQ==
    dependencies:
      "@hapi/hoek" "^9.0.0"
  
  "@hapi/boom@9.x.x":
    version "9.1.4"
    resolved "https://registry.npmjs.org/@hapi/boom/-/boom-9.1.4.tgz"
    integrity sha512-Ls1oH8jaN1vNsqcaHVYJrKmgMcKsC1wcp8bujvXrHaAqD2iDYq3HoOwsxwo09Cuda5R5nC0o0IxlrlTuvPuzSw==
    dependencies:
      "@hapi/hoek" "9.x.x"
  
  "@hapi/bourne@2.x.x":
    version "2.1.0"
    resolved "https://registry.npmjs.org/@hapi/bourne/-/bourne-2.1.0.tgz"
    integrity sha512-i1BpaNDVLJdRBEKeJWkVO6tYX6DMFBuwMhSuWqLsY4ufeTKGVuV5rBsUhxPayXqnnWHgXUAmWK16H/ykO5Wj4Q==
  
  "@hapi/formula@^2.0.0":
    version "2.0.0"
    resolved "https://registry.npmjs.org/@hapi/formula/-/formula-2.0.0.tgz"
    integrity sha512-V87P8fv7PI0LH7LiVi8Lkf3x+KCO7pQozXRssAHNXXL9L1K+uyu4XypLXwxqVDKgyQai6qj3/KteNlrqDx4W5A==
  
  "@hapi/hoek@9.x.x", "@hapi/hoek@^9.0.0", "@hapi/hoek@^9.0.3", "@hapi/hoek@^9.2.1":
    version "9.3.0"
    resolved "https://registry.npmjs.org/@hapi/hoek/-/hoek-9.3.0.tgz"
    integrity sha512-/c6rf4UJlmHlC9b5BaNvzAcFv7HZ2QHaV0D4/HNlBdvFnvQq8RI4kYdhyPCl7Xj+oWvTWQ8ujhqS53LIgAe6KQ==
  
  "@hapi/joi@^17.1.0", "@hapi/joi@^17.1.1":
    version "17.1.1"
    resolved "https://registry.npmjs.org/@hapi/joi/-/joi-17.1.1.tgz"
    integrity sha512-p4DKeZAoeZW4g3u7ZeRo+vCDuSDgSvtsB/NpfjXEHTUjSeINAi/RrVOWiVQ1isaoLzMvFEhe8n5065mQq1AdQg==
    dependencies:
      "@hapi/address" "^4.0.1"
      "@hapi/formula" "^2.0.0"
      "@hapi/hoek" "^9.0.0"
      "@hapi/pinpoint" "^2.0.0"
      "@hapi/topo" "^5.0.0"
  
  "@hapi/pinpoint@^2.0.0":
    version "2.0.0"
    resolved "https://registry.npmjs.org/@hapi/pinpoint/-/pinpoint-2.0.0.tgz"
    integrity sha512-vzXR5MY7n4XeIvLpfl3HtE3coZYO4raKXW766R6DZw/6aLqR26iuZ109K7a0NtF2Db0jxqh7xz2AxkUwpUFybw==
  
  "@hapi/topo@^5.0.0":
    version "5.1.0"
    resolved "https://registry.npmjs.org/@hapi/topo/-/topo-5.1.0.tgz"
    integrity sha512-foQZKJig7Ob0BMAYBfcJk8d77QtOe7Wo4ox7ff1lQYoNNAb6jwcY1ncdoy2e9wQZzvNy7ODZCYJkK8kzmcAnAg==
    dependencies:
      "@hapi/hoek" "^9.0.0"
  
  "@hapi/wreck@17", "@hapi/wreck@^17.2.0":
    version "17.2.0"
    resolved "https://registry.npmjs.org/@hapi/wreck/-/wreck-17.2.0.tgz"
    integrity sha512-pJ5kjYoRPYDv+eIuiLQqhGon341fr2bNIYZjuotuPJG/3Ilzr/XtI+JAp0A86E2bYfsS3zBPABuS2ICkaXFT8g==
    dependencies:
      "@hapi/boom" "9.x.x"
      "@hapi/bourne" "2.x.x"
      "@hapi/hoek" "9.x.x"
  
  "@types/body-parser@*":
    version "1.19.2"
    resolved "https://registry.npmjs.org/@types/body-parser/-/body-parser-1.19.2.tgz"
    integrity sha512-ALYone6pm6QmwZoAgeyNksccT9Q4AWZQ6PvfwR37GT6r6FWUPguq6sUmNGSMV2Wr761oQoBxwGGa6DR5o1DC9g==
    dependencies:
      "@types/connect" "*"
      "@types/node" "*"
  
  "@types/connect@*":
    version "3.4.35"
    resolved "https://registry.npmjs.org/@types/connect/-/connect-3.4.35.tgz"
    integrity sha512-cdeYyv4KWoEgpBISTxWvqYsVy444DOqehiF3fM3ne10AmJ62RSyNkUnxMJXHQWRQQX2eR94m5y1IZyDwBjV9FQ==
    dependencies:
      "@types/node" "*"
  
  "@types/express-serve-static-core@^4.17.18":
    version "4.17.29"
    resolved "https://registry.npmjs.org/@types/express-serve-static-core/-/express-serve-static-core-4.17.29.tgz"
    integrity sha512-uMd++6dMKS32EOuw1Uli3e3BPgdLIXmezcfHv7N4c1s3gkhikBplORPpMq3fuWkxncZN1reb16d5n8yhQ80x7Q==
    dependencies:
      "@types/node" "*"
      "@types/qs" "*"
      "@types/range-parser" "*"
  
  "@types/express@^4.17.13":
    version "4.17.13"
    resolved "https://registry.npmjs.org/@types/express/-/express-4.17.13.tgz"
    integrity sha512-6bSZTPaTIACxn48l50SR+axgrqm6qXFIxrdAKaG6PaJk3+zuUr35hBlgT7vOmJcum+OEaIBLtHV/qloEAFITeA==
    dependencies:
      "@types/body-parser" "*"
      "@types/express-serve-static-core" "^4.17.18"
      "@types/qs" "*"
      "@types/serve-static" "*"
  
  "@types/mime@^1":
    version "1.3.2"
    resolved "https://registry.npmjs.org/@types/mime/-/mime-1.3.2.tgz"
    integrity sha512-YATxVxgRqNH6nHEIsvg6k2Boc1JHI9ZbH5iWFFv/MTkchz3b1ieGDa5T0a9RznNdI0KhVbdbWSN+KWWrQZRxTw==
  
  "@types/node@*":
    version "18.0.3"
    resolved "https://registry.npmjs.org/@types/node/-/node-18.0.3.tgz"
    integrity sha512-HzNRZtp4eepNitP+BD6k2L6DROIDG4Q0fm4x+dwfsr6LGmROENnok75VGw40628xf+iR24WeMFcHuuBDUAzzsQ==
  
  "@types/qs@*":
    version "6.9.7"
    resolved "https://registry.npmjs.org/@types/qs/-/qs-6.9.7.tgz"
    integrity sha512-FGa1F62FT09qcrueBA6qYTrJPVDzah9a+493+o2PCXsesWHIn27G98TsSMs3WPNbZIEj4+VJf6saSFpvD+3Zsw==
  
  "@types/range-parser@*":
    version "1.2.4"
    resolved "https://registry.npmjs.org/@types/range-parser/-/range-parser-1.2.4.tgz"
    integrity sha512-EEhsLsD6UsDM1yFhAvy0Cjr6VwmpMWqFBCb9w07wVugF7w9nfajxLuVmngTIpgS6svCnm6Vaw+MZhoDCKnOfsw==
  
  "@types/serve-static@*":
    version "1.13.10"
    resolved "https://registry.npmjs.org/@types/serve-static/-/serve-static-1.13.10.tgz"
    integrity sha512-nCkHGI4w7ZgAdNkrEu0bv+4xNV/XDqW+DydknebMOQwkpDGx8G+HTlj7R7ABI8i8nKxVw0wtKPi1D+lPOkh4YQ==
    dependencies:
      "@types/mime" "^1"
      "@types/node" "*"
  
  accepts@~1.3.8:
    version "1.3.8"
    resolved "https://registry.npmjs.org/accepts/-/accepts-1.3.8.tgz"
    integrity sha512-PYAthTa2m2VKxuvSD3DPC/Gy+U+sOA1LAuT8mkmRuvw+NACSaeXEQ+NHcVF7rONl6qcaxV3Uuemwawk+7+SJLw==
    dependencies:
      mime-types "~2.1.34"
      negotiator "0.6.3"
  
  arg@4.1.0:
    version "4.1.0"
    resolved "https://registry.npmjs.org/arg/-/arg-4.1.0.tgz"
    integrity sha512-ZWc51jO3qegGkVh8Hwpv636EkbesNV5ZNQPCtRa+0qytRYPEs9IYT9qITY9buezqUH5uqyzlWLcufrzU2rffdg==
  
  array-flatten@1.1.1:
    version "1.1.1"
    resolved "https://registry.npmjs.org/array-flatten/-/array-flatten-1.1.1.tgz"
    integrity sha512-PCVAQswWemu6UdxsDFFX/+gVeYqKAod3D3UVm91jHwynguOwAvYPhx8nNlM++NqRcK6CxxpUafjmhIdKiHibqg==
  
  backoff@~2.5.0:
    version "2.5.0"
    resolved "https://registry.npmjs.org/backoff/-/backoff-2.5.0.tgz"
    integrity sha512-wC5ihrnUXmR2douXmXLCe5O3zg3GKIyvRi/hi58a/XyRxVI+3/yM0PYueQOZXPXQ9pxBislYkw+sF9b7C/RuMA==
    dependencies:
      precond "0.2"
  
  basic-auth@~2.0.1:
    version "2.0.1"
    resolved "https://registry.yarnpkg.com/basic-auth/-/basic-auth-2.0.1.tgz#b998279bf47ce38344b4f3cf916d4679bbf51e3a"
    integrity sha512-NF+epuEdnUYVlGuhaxbbq+dvJttwLnGY+YixlXlME5KpQ5W3CnXA5cVTneY3SPbPDRkcjMbifrwmFYcClgOZeg==
    dependencies:
      safe-buffer "5.1.2"
  
  body-parser@1.20.0:
    version "1.20.0"
    resolved "https://registry.npmjs.org/body-parser/-/body-parser-1.20.0.tgz"
    integrity sha512-DfJ+q6EPcGKZD1QWUjSpqp+Q7bDQTsQIF4zfUAtZ6qk+H/3/QRhg9CEp39ss+/T2vw0+HaidC0ecJj/DRLIaKg==
    dependencies:
      bytes "3.1.2"
      content-type "~1.0.4"
      debug "2.6.9"
      depd "2.0.0"
      destroy "1.2.0"
      http-errors "2.0.0"
      iconv-lite "0.4.24"
      on-finished "2.4.1"
      qs "6.10.3"
      raw-body "2.5.1"
      type-is "~1.6.18"
      unpipe "1.0.0"
  
  bytes@3.0.0:
    version "3.0.0"
    resolved "https://registry.npmjs.org/bytes/-/bytes-3.0.0.tgz"
    integrity sha512-pMhOfFDPiv9t5jjIXkHosWmkSyQbvsgEVNkz0ERHbuLh2T/7j4Mqqpz523Fe8MVY89KC6Sh/QfS2sM+SjgFDcw==
  
  bytes@3.1.2:
    version "3.1.2"
    resolved "https://registry.npmjs.org/bytes/-/bytes-3.1.2.tgz"
    integrity sha512-/Nf7TyzTx6S3yRJObOAV7956r8cr2+Oj8AC5dt8wSP3BQAoeX58NoHyCU8P8zGkNXStjTSi6fzO6F0pBdcYbEg==
  
  call-bind@^1.0.0:
    version "1.0.2"
    resolved "https://registry.npmjs.org/call-bind/-/call-bind-1.0.2.tgz"
    integrity sha512-7O+FbCihrB5WGbFYesctwmTKae6rOiIzmz1icreWJ+0aA7LJfuqhEso2T9ncpcFtzMQtzXf2QGGueWJGTYsqrA==
    dependencies:
      function-bind "^1.1.1"
      get-intrinsic "^1.0.2"
  
  content-disposition@0.5.4:
    version "0.5.4"
    resolved "https://registry.npmjs.org/content-disposition/-/content-disposition-0.5.4.tgz"
    integrity sha512-FveZTNuGw04cxlAiWbzi6zTAL/lhehaWbTtgluJh4/E95DqMwTmha3KZN1aAWA8cFIhHzMZUvLevkw5Rqk+tSQ==
    dependencies:
      safe-buffer "5.2.1"
  
  content-type@1.0.4, content-type@~1.0.4:
    version "1.0.4"
    resolved "https://registry.npmjs.org/content-type/-/content-type-1.0.4.tgz"
    integrity sha512-hIP3EEPs8tB9AT1L+NUqtwOAps4mk2Zob89MWXMHjHWg9milF/j4osnnQLXBCBFBk/tvIG/tUc9mOUJiPBhPXA==
  
  cookie-signature@1.0.6:
    version "1.0.6"
    resolved "https://registry.npmjs.org/cookie-signature/-/cookie-signature-1.0.6.tgz"
    integrity sha512-QADzlaHc8icV8I7vbaJXJwod9HWYp8uCqf1xa4OfNu1T7JVxQIrUgOWtHdNDtPiywmFbiS12VjotIXLrKM3orQ==
  
  cookie@0.5.0:
    version "0.5.0"
    resolved "https://registry.npmjs.org/cookie/-/cookie-0.5.0.tgz"
    integrity sha512-YZ3GUyn/o8gfKJlnlX7g7xq4gyO6OSuhGPKaaGssGB2qgDUS0gPgtTvoyZLTt9Ab6dC4hfc9dV5arkvc/OCmrw==
  
  cors@^2.8.5:
    version "2.8.5"
    resolved "https://registry.yarnpkg.com/cors/-/cors-2.8.5.tgz#eac11da51592dd86b9f06f6e7ac293b3df875d29"
    integrity sha512-KIHbLJqu73RGr/hnbrO9uBeixNGuvSQjul/jdFvS/KFSIH1hWVd1ng7zOHx+YrEfInLG7q4n6GHQ9cDtxv/P6g==
    dependencies:
      object-assign "^4"
      vary "^1"
  
  debug@2.6.9:
    version "2.6.9"
    resolved "https://registry.npmjs.org/debug/-/debug-2.6.9.tgz"
    integrity sha512-bC7ElrdJaJnPbAP+1EotYvqZsb3ecl5wi6Bfi6BJTUcNowp6cvspg0jXznRTKDjm/E7AdgFBVeAPVMNcKGsHMA==
    dependencies:
      ms "2.0.0"
  
  depd@1.1.1:
    version "1.1.1"
    resolved "https://registry.npmjs.org/depd/-/depd-1.1.1.tgz"
    integrity sha512-Jlk9xvkTDGXwZiIDyoM7+3AsuvJVoyOpRupvEVy9nX3YO3/ieZxhlgh8GpLNZ8AY7HjO6y2YwpMSh1ejhu3uIw==
  
  depd@2.0.0, depd@~2.0.0:
    version "2.0.0"
    resolved "https://registry.npmjs.org/depd/-/depd-2.0.0.tgz"
    integrity sha512-g7nH6P6dyDioJogAAGprGpCtVImJhpPk/roCzdb3fIh61/s/nPsfR6onyMwkCAR/OlC3yBC0lESvUoQEAssIrw==
  
  destroy@1.2.0:
    version "1.2.0"
    resolved "https://registry.npmjs.org/destroy/-/destroy-1.2.0.tgz"
    integrity sha512-2sJGJTaXIIaR1w4iJSNoN0hnMY7Gpc/n8D4qSCJw8QqFWXf7cuAgnEHxBpweaVcPevC2l3KpjYCx3NypQQgaJg==
  
  dotenv@^16.0.1:
    version "16.0.1"
    resolved "https://registry.yarnpkg.com/dotenv/-/dotenv-16.0.1.tgz#8f8f9d94876c35dac989876a5d3a82a267fdce1d"
    integrity sha512-1K6hR6wtk2FviQ4kEiSjFiH5rpzEVi8WW0x96aztHVMhEspNpc4DVOUTEHtEva5VThQ8IaBX1Pe4gSzpVVUsKQ==
  
  ee-first@1.1.1:
    version "1.1.1"
    resolved "https://registry.npmjs.org/ee-first/-/ee-first-1.1.1.tgz"
    integrity sha512-WMwm9LhRUo+WUaRN+vRuETqG89IgZphVSNkdFgeb6sS/E4OrDIN7t48CAewSHXc6C8lefD8KKfr5vY61brQlow==
  
  encodeurl@~1.0.2:
    version "1.0.2"
    resolved "https://registry.npmjs.org/encodeurl/-/encodeurl-1.0.2.tgz"
    integrity sha512-TPJXq8JqFaVYm2CWmPvnP2Iyo4ZSM7/QKcSmuMLDObfpH5fi7RUGmd/rTDf+rut/saiDiQEeVTNgAmJEdAOx0w==
  
  eraro@^2.0.0, eraro@^2.1.0:
    version "2.1.0"
    resolved "https://registry.npmjs.org/eraro/-/eraro-2.1.0.tgz"
    integrity sha512-i8t3tkUixYL6q9gQvTqgkOok8VJCw2mr3/YfATdFcOE2pxw3MUM8Uv4B822zVDPIyIZDKx7jixr24ej3vdul2A==
    dependencies:
      lodash.template "^4.5.0"
  
  escape-html@~1.0.3:
    version "1.0.3"
    resolved "https://registry.npmjs.org/escape-html/-/escape-html-1.0.3.tgz"
    integrity sha512-NiSupZ4OeuGwr68lGIeym/ksIZMJodUGOSCZ/FSnTxcrekbvqrgdUxlJOMpijaKZVjAJrWrGs/6Jy8OMuyj9ow==
  
  etag@~1.8.1:
    version "1.8.1"
    resolved "https://registry.npmjs.org/etag/-/etag-1.8.1.tgz"
    integrity sha512-aIL5Fx7mawVa300al2BnEE4iNvo1qETxLrPI/o05L7z6go7fCw1J6EQmbK4FmJ2AS7kgVF/KEZWufBfdClMcPg==
  
  express@^4.18.1:
    version "4.18.1"
    resolved "https://registry.npmjs.org/express/-/express-4.18.1.tgz"
    integrity sha512-zZBcOX9TfehHQhtupq57OF8lFZ3UZi08Y97dwFCkD8p9d/d2Y3M+ykKcwaMDEL+4qyUolgBDX6AblpR3fL212Q==
    dependencies:
      accepts "~1.3.8"
      array-flatten "1.1.1"
      body-parser "1.20.0"
      content-disposition "0.5.4"
      content-type "~1.0.4"
      cookie "0.5.0"
      cookie-signature "1.0.6"
      debug "2.6.9"
      depd "2.0.0"
      encodeurl "~1.0.2"
      escape-html "~1.0.3"
      etag "~1.8.1"
      finalhandler "1.2.0"
      fresh "0.5.2"
      http-errors "2.0.0"
      merge-descriptors "1.0.1"
      methods "~1.1.2"
      on-finished "2.4.1"
      parseurl "~1.3.3"
      path-to-regexp "0.1.7"
      proxy-addr "~2.0.7"
      qs "6.10.3"
      range-parser "~1.2.1"
      safe-buffer "5.2.1"
      send "0.18.0"
      serve-static "1.15.0"
      setprototypeof "1.2.0"
      statuses "2.0.1"
      type-is "~1.6.18"
      utils-merge "1.0.1"
      vary "~1.1.2"
  
  fast-safe-stringify@^2.1.1:
    version "2.1.1"
    resolved "https://registry.npmjs.org/fast-safe-stringify/-/fast-safe-stringify-2.1.1.tgz"
    integrity sha512-W+KJc2dmILlPplD/H4K9l9LcAHAfPtP6BY84uVLXQ6Evcz9Lcg33Y2z1IVblT6xdY54PXYVHEv+0Wpq8Io6zkA==
  
  finalhandler@1.2.0:
    version "1.2.0"
    resolved "https://registry.npmjs.org/finalhandler/-/finalhandler-1.2.0.tgz"
    integrity sha512-5uXcUVftlQMFnWC9qu/svkWv3GTd2PfUhK/3PLkYNAe7FbqJMt3515HaxE6eRL74GdsriiwujiawdaB1BpEISg==
    dependencies:
      debug "2.6.9"
      encodeurl "~1.0.2"
      escape-html "~1.0.3"
      on-finished "2.4.1"
      parseurl "~1.3.3"
      statuses "2.0.1"
      unpipe "~1.0.0"
  
  forwarded@0.2.0:
    version "0.2.0"
    resolved "https://registry.npmjs.org/forwarded/-/forwarded-0.2.0.tgz"
    integrity sha512-buRG0fpBtRHSTCOASe6hD258tEubFoRLb4ZNA6NxMVHNw2gOcwHo9wyablzMzOA5z9xA9L1KNjk/Nt6MT9aYow==
  
  fresh@0.5.2:
    version "0.5.2"
    resolved "https://registry.npmjs.org/fresh/-/fresh-0.5.2.tgz"
    integrity sha512-zJ2mQYM18rEFOudeV4GShTGIQ7RbzA7ozbU9I/XBpm7kqgMywgmylMwXHxZJmkVoYkna9d2pVXVXPdYTP9ej8Q==
  
  function-bind@^1.1.1:
    version "1.1.1"
    resolved "https://registry.npmjs.org/function-bind/-/function-bind-1.1.1.tgz"
    integrity sha512-yIovAzMX49sF8Yl58fSCWJ5svSLuaibPxXQJFLmBObTuCr0Mf1KiPopGM9NiFjiYBCbfaa2Fh6breQ6ANVTI0A==
  
  gate-executor@^3.1.1:
    version "3.1.1"
    resolved "https://registry.npmjs.org/gate-executor/-/gate-executor-3.1.1.tgz"
    integrity sha512-agq1D2Ly5AWl7mOxpgVj1WP6XvFLzck6FuRmzeRiDN7l4Ur1VoAZOP9ogXFr+IEfHtCK2IqdPtDPQP3Dg5m+0w==
  
  get-intrinsic@^1.0.2:
    version "1.1.2"
    resolved "https://registry.npmjs.org/get-intrinsic/-/get-intrinsic-1.1.2.tgz"
    integrity sha512-Jfm3OyCxHh9DJyc28qGk+JmfkpO41A4XkneDSujN9MDXrm4oDKdHvndhZ2dN94+ERNfkYJWDclW6k2L/ZGHjXA==
    dependencies:
      function-bind "^1.1.1"
      has "^1.0.3"
      has-symbols "^1.0.3"
  
  gex@^3.1.0:
    version "3.1.0"
    resolved "https://registry.npmjs.org/gex/-/gex-3.1.0.tgz"
    integrity sha512-njjLjbIrmSq8v9GXbYuAj83F7wYhWcniRo4FuQcb8suS1waNBRbTWCkbmVTi+wz3jCeRCkrI4K5SNAjKyqx5vA==
  
  gex@^4.0.1:
    version "4.0.1"
    resolved "https://registry.npmjs.org/gex/-/gex-4.0.1.tgz"
    integrity sha512-ittHFE0p3RwRVQf7UHAS5tQPwtsUxrnQbnOD3iN3b/b/XDnhJt/U5TBXyB6WAY2G65aIFZZBkpNaxzSqDEx9lA==
  
  gubu@^3.1.0:
    version "3.1.0"
    resolved "https://registry.npmjs.org/gubu/-/gubu-3.1.0.tgz"
    integrity sha512-8VZT2l165iyDBf7PjRtj+g81mZovGz22LL+a74I5SINMwb8t0wzfXa6Ig1Arvbv6pzuxO6MtFDIXR+r6eMb15Q==
  
  has-symbols@^1.0.3:
    version "1.0.3"
    resolved "https://registry.npmjs.org/has-symbols/-/has-symbols-1.0.3.tgz"
    integrity sha512-l3LCuF6MgDNwTDKkdYGEihYjt5pRPbEg46rtlmnSPlUbgmB8LOIrKJbYYFBSbnPaJexMKtiPO8hmeRjRz2Td+A==
  
  has@^1.0.3:
    version "1.0.3"
    resolved "https://registry.npmjs.org/has/-/has-1.0.3.tgz"
    integrity sha512-f2dvO0VU6Oej7RkWJGrehjbzMAjFp5/VKPp5tTpWIV4JHHZK1/BxbFRtf/siA2SWTe09caDmVtYYzWEIbBS4zw==
    dependencies:
      function-bind "^1.1.1"
  
  helmet@^5.1.0:
    version "5.1.0"
    resolved "https://registry.yarnpkg.com/helmet/-/helmet-5.1.0.tgz#e98a5d4bf89ab8119c856018a3bcc82addadcd47"
    integrity sha512-klsunXs8rgNSZoaUrNeuCiWUxyc+wzucnEnFejUg3/A+CaF589k9qepLZZ1Jehnzig7YbD4hEuscGXuBY3fq+g==
  
  http-errors@1.6.2:
    version "1.6.2"
    resolved "https://registry.npmjs.org/http-errors/-/http-errors-1.6.2.tgz"
    integrity sha512-STnYGcKMXL9CGdtpeTFnLmgMSHTTNQJSHxiC4DETHKf934Q160Ht5pljrNeH24S0O9xUN+9vsDJZdZtk5js6Ww==
    dependencies:
      depd "1.1.1"
      inherits "2.0.3"
      setprototypeof "1.0.3"
      statuses ">= 1.3.1 < 2"
  
  http-errors@2.0.0:
    version "2.0.0"
    resolved "https://registry.npmjs.org/http-errors/-/http-errors-2.0.0.tgz"
    integrity sha512-FtwrG/euBzaEjYeRqOgly7G0qviiXoJWnvEH2Z1plBdXgbyjv34pHTSb9zoeHMyDy33+DWy5Wt9Wo+TURtOYSQ==
    dependencies:
      depd "2.0.0"
      inherits "2.0.4"
      setprototypeof "1.2.0"
      statuses "2.0.1"
      toidentifier "1.0.1"
  
  iconv-lite@0.4.19:
    version "0.4.19"
    resolved "https://registry.npmjs.org/iconv-lite/-/iconv-lite-0.4.19.tgz"
    integrity sha512-oTZqweIP51xaGPI4uPa56/Pri/480R+mo7SeU+YETByQNhDG55ycFyNLIgta9vXhILrxXDmF7ZGhqZIcuN0gJQ==
  
  iconv-lite@0.4.24:
    version "0.4.24"
    resolved "https://registry.npmjs.org/iconv-lite/-/iconv-lite-0.4.24.tgz"
    integrity sha512-v3MXnZAcvnywkTUEZomIActle7RXXeedOR31wwl7VlyoXO4Qi9arvSenNQWne1TcRwhCL1HwLI21bEqdpj8/rA==
    dependencies:
      safer-buffer ">= 2.1.2 < 3"
  
  inherits@2.0.3:
    version "2.0.3"
    resolved "https://registry.npmjs.org/inherits/-/inherits-2.0.3.tgz"
    integrity sha512-x00IRNXNy63jwGkJmzPigoySHbaqpNuzKbBOmzK+g2OdZpQ9w+sxCN+VSB3ja7IAge2OP2qpfxTjeNcyjmW1uw==
  
  inherits@2.0.4, inherits@^2.0.3:
    version "2.0.4"
    resolved "https://registry.npmjs.org/inherits/-/inherits-2.0.4.tgz"
    integrity sha512-k/vGaX4/Yla3WzyMCvTQOXYeIHvqOKtnqBduzTHpzpQZzAskKMhZ2K+EnBiSM9zGSoIFeMpXKxa4dYeZIQqewQ==
  
  ipaddr.js@1.9.1:
    version "1.9.1"
    resolved "https://registry.npmjs.org/ipaddr.js/-/ipaddr.js-1.9.1.tgz"
    integrity sha512-0KI/607xoxSToH7GjN1FfSbLoU0+btTicjsQSWQlh/hZykN8KpmMf7uYwPW3R+akZ6R/w18ZlXSHBYXiYUPO3g==
  
  is-stream@1.1.0:
    version "1.1.0"
    resolved "https://registry.npmjs.org/is-stream/-/is-stream-1.1.0.tgz"
    integrity sha512-uQPm8kcs47jx38atAcWTVxyltQYoPT68y9aWYdV6yWXSyW8mzSat0TL6CiWdZeCdF3KrAvpVtnHbTv4RN+rqdQ==
  
  json-stringify-safe@^5.0.1:
    version "5.0.1"
    resolved "https://registry.npmjs.org/json-stringify-safe/-/json-stringify-safe-5.0.1.tgz"
    integrity sha512-ZClg6AaYvamvYEE82d3Iyd3vSSIjQ+odgjaTzRuO3s7toCdFKczob2i0zCh7JE8kWn17yvAWhUVxvqGwUalsRA==
  
  jsonic@^1.0.1:
    version "1.0.1"
    resolved "https://registry.npmjs.org/jsonic/-/jsonic-1.0.1.tgz"
    integrity sha512-6GitEN4plTuB/I1o9kDZl7Pgc+DvFG1BG88IqaUz4eQglCA1uAgxWdXhLNA6ffaYsmzPjOysDpp6CYTwRiuXLw==
  
  lodash._reinterpolate@^3.0.0:
    version "3.0.0"
    resolved "https://registry.npmjs.org/lodash._reinterpolate/-/lodash._reinterpolate-3.0.0.tgz"
    integrity sha512-xYHt68QRoYGjeeM/XOE1uJtvXQAgvszfBhjV4yvsQH0u2i9I6cI6c6/eG4Hh3UAOVn0y/xAXwmTzEay49Q//HA==
  
  lodash.defaultsdeep@^4.6.1:
    version "4.6.1"
    resolved "https://registry.npmjs.org/lodash.defaultsdeep/-/lodash.defaultsdeep-4.6.1.tgz"
    integrity sha512-3j8wdDzYuWO3lM3Reg03MuQR957t287Rpcxp1njpEa8oDrikb+FwGdW3n+FELh/A6qib6yPit0j/pv9G/yeAqA==
  
  lodash.flatten@^4.4.0:
    version "4.4.0"
    resolved "https://registry.npmjs.org/lodash.flatten/-/lodash.flatten-4.4.0.tgz"
    integrity sha512-C5N2Z3DgnnKr0LOpv/hKCgKdb7ZZwafIrsesve6lmzvZIRZRGaZ/l6Q8+2W7NaT+ZwO3fFlSCzCzrDCFdJfZ4g==
  
  lodash.foreach@^4.5.0:
    version "4.5.0"
    resolved "https://registry.npmjs.org/lodash.foreach/-/lodash.foreach-4.5.0.tgz"
    integrity sha512-aEXTF4d+m05rVOAUG3z4vZZ4xVexLKZGF0lIxuHZ1Hplpk/3B6Z1+/ICICYRLm7c41Z2xiejbkCkJoTlypoXhQ==
  
  lodash.isarguments@^3.1.0:
    version "3.1.0"
    resolved "https://registry.npmjs.org/lodash.isarguments/-/lodash.isarguments-3.1.0.tgz"
    integrity sha512-chi4NHZlZqZD18a0imDHnZPrDeBbTtVN7GXMwuGdRH9qotxAjYs3aVLKc7zNOG9eddR5Ksd8rvFEBc9SsggPpg==
  
  lodash.isdate@^4.0.1:
    version "4.0.1"
    resolved "https://registry.npmjs.org/lodash.isdate/-/lodash.isdate-4.0.1.tgz"
    integrity sha512-hg5B1GD+R9egsBgMwmAhk+V53Us03TVvXT4dnyKugEfsD4QKuG9Wlyvxq8OGy2nu7qVGsh4DRSnMk33hoWBq/Q==
  
  lodash.isnan@^3.0.2:
    version "3.0.2"
    resolved "https://registry.npmjs.org/lodash.isnan/-/lodash.isnan-3.0.2.tgz"
    integrity sha512-zduioV6njyRsie8qtuS85u7B8xJWi3HjUc1klVoRdeghA5prG13xbUNNcCJ1Cxwa4FyjJVnkL5hDopCVh2ng4g==
  
  lodash.isregexp@^4.0.1:
    version "4.0.1"
    resolved "https://registry.npmjs.org/lodash.isregexp/-/lodash.isregexp-4.0.1.tgz"
    integrity sha512-rw9+95tYcUa9nQ1FgdtKvO+hReLGNqnNMHfLq8SwK5Mo6D0R0tIsnRHGHaTHSKeYBaLCJ1JvXWdz4UmpPZ2bag==
  
  lodash.omit@^4.5.0:
    version "4.5.0"
    resolved "https://registry.npmjs.org/lodash.omit/-/lodash.omit-4.5.0.tgz"
    integrity sha512-XeqSp49hNGmlkj2EJlfrQFIzQ6lXdNro9sddtQzcJY8QaoC2GO0DT7xaIokHeyM+mIT0mPMlPvkYzg2xCuHdZg==
  
  lodash.template@^4.5.0:
    version "4.5.0"
    resolved "https://registry.npmjs.org/lodash.template/-/lodash.template-4.5.0.tgz"
    integrity sha512-84vYFxIkmidUiFxidA/KjjH9pAycqW+h980j7Fuz5qxRtO9pgB7MDFTdys1N7A5mcucRiDyEq4fusljItR1T/A==
    dependencies:
      lodash._reinterpolate "^3.0.0"
      lodash.templatesettings "^4.0.0"
  
  lodash.templatesettings@^4.0.0:
    version "4.2.0"
    resolved "https://registry.npmjs.org/lodash.templatesettings/-/lodash.templatesettings-4.2.0.tgz"
    integrity sha512-stgLz+i3Aa9mZgnjr/O+v9ruKZsPsndy7qPZOchbqk2cnTU1ZaldKK+v7m54WoKIyxiuMZTKT2H81F8BeAc3ZQ==
    dependencies:
      lodash._reinterpolate "^3.0.0"
  
  lodash.uniq@^4.5.0:
    version "4.5.0"
    resolved "https://registry.npmjs.org/lodash.uniq/-/lodash.uniq-4.5.0.tgz"
    integrity sha512-xfBaXQd9ryd9dlSDvnvI0lvxfLJlYAZzXomUYzLKtUeOQvOP5piqAWuGtrhWeqaXK9hhoM/iyJc5AV+XfsX3HQ==
  
  lru-cache@^7.10.1:
    version "7.13.0"
    resolved "https://registry.npmjs.org/lru-cache/-/lru-cache-7.13.0.tgz"
    integrity sha512-SNFKDOORR41fkWP3DXiIUvXvfzDRPg3bxD1+29iRyP2ZW+Njp2o6zhx9YkEpq1tbP0AEDNW2VBUedzDIxmNhdg==
  
  media-typer@0.3.0:
    version "0.3.0"
    resolved "https://registry.npmjs.org/media-typer/-/media-typer-0.3.0.tgz"
    integrity sha512-dq+qelQ9akHpcOl/gUVRTxVIOkAJ1wR3QAvb4RsVjS8oVoFjDGTc679wJYmUmknUF5HwMLOgb5O+a3KxfWapPQ==
  
  merge-descriptors@1.0.1:
    version "1.0.1"
    resolved "https://registry.npmjs.org/merge-descriptors/-/merge-descriptors-1.0.1.tgz"
    integrity sha512-cCi6g3/Zr1iqQi6ySbseM1Xvooa98N0w31jzUYrXPX2xqObmFGHJ0tQ5u74H3mVh7wLouTseZyYIq39g8cNp1w==
  
  methods@~1.1.2:
    version "1.1.2"
    resolved "https://registry.npmjs.org/methods/-/methods-1.1.2.tgz"
    integrity sha512-iclAHeNqNm68zFtnZ0e+1L2yUIdvzNoauKU4WBA3VvH/vPFieF7qfRlwUZU+DA9P9bPXIS90ulxoUoCH23sV2w==
  
  micro@^9.3.4:
    version "9.3.4"
    resolved "https://registry.npmjs.org/micro/-/micro-9.3.4.tgz"
    integrity sha512-smz9naZwTG7qaFnEZ2vn248YZq9XR+XoOH3auieZbkhDL4xLOxiE+KqG8qqnBeKfXA9c1uEFGCxPN1D+nT6N7w==
    dependencies:
      arg "4.1.0"
      content-type "1.0.4"
      is-stream "1.1.0"
      raw-body "2.3.2"
  
  mime-db@1.52.0:
    version "1.52.0"
    resolved "https://registry.npmjs.org/mime-db/-/mime-db-1.52.0.tgz"
    integrity sha512-sPU4uV7dYlvtWJxwwxHD0PuihVNiE7TyAbQ5SWxDCB9mUYvOgroQOwYQQOKPJ8CIbE+1ETVlOoK1UC2nU3gYvg==
  
  mime-types@~2.1.24, mime-types@~2.1.34:
    version "2.1.35"
    resolved "https://registry.npmjs.org/mime-types/-/mime-types-2.1.35.tgz"
    integrity sha512-ZDY+bPm5zTTF+YpCrAU9nK0UgICYPT0QtT1NZWFv4s++TNkcgVaT0g6+4R2uI4MjQjzysHB1zxuWL50hzaeXiw==
    dependencies:
      mime-db "1.52.0"
  
  mime@1.6.0:
    version "1.6.0"
    resolved "https://registry.npmjs.org/mime/-/mime-1.6.0.tgz"
    integrity sha512-x0Vn8spI+wuJ1O6S7gnbaQg8Pxh4NNHb7KSINmEWKiPE4RKOplvijn+NkmYmmRgP68mc70j2EbeTFRsrswaQeg==
  
  minimist@^1.2.5, minimist@^1.2.6:
    version "1.2.6"
    resolved "https://registry.npmjs.org/minimist/-/minimist-1.2.6.tgz"
    integrity sha512-Jsjnk4bw3YJqYzbdyBiNsPWHPfO++UGG749Cxs6peCu5Xg4nrena6OVxOYxrQTqww0Jmwt+Ref8rggumkTLz9Q==
  
  morgan@^1.10.0:
    version "1.10.0"
    resolved "https://registry.yarnpkg.com/morgan/-/morgan-1.10.0.tgz#091778abc1fc47cd3509824653dae1faab6b17d7"
    integrity sha512-AbegBVI4sh6El+1gNwvD5YIck7nSA36weD7xvIxG4in80j/UoK8AEGaWnnz8v1GxonMCltmlNs5ZKbGvl9b1XQ==
    dependencies:
      basic-auth "~2.0.1"
      debug "2.6.9"
      depd "~2.0.0"
      on-finished "~2.3.0"
      on-headers "~1.0.2"
  
  ms@2.0.0:
    version "2.0.0"
    resolved "https://registry.npmjs.org/ms/-/ms-2.0.0.tgz"
    integrity sha512-Tpp60P6IUJDTuOq/5Z8cdskzJujfwqfOTkrwIwj7IRISpnkJnT6SyJ4PCPnGMoFjC9ddhal5KVIYtAt97ix05A==
  
  ms@2.1.3:
    version "2.1.3"
    resolved "https://registry.npmjs.org/ms/-/ms-2.1.3.tgz"
    integrity sha512-6FlzubTLZG3J2a/NVCAleEhjzq5oxgHyaCU9yYXvcLsvoVaHJq/s5xXI6/XXP6tz7R9xAOtHnSO/tXtF3WRTlA==
  
  ndjson@^2.0.0:
    version "2.0.0"
    resolved "https://registry.npmjs.org/ndjson/-/ndjson-2.0.0.tgz"
    integrity sha512-nGl7LRGrzugTtaFcJMhLbpzJM6XdivmbkdlaGcrk/LXg2KL/YBC6z1g70xh0/al+oFuVFP8N8kiWRucmeEH/qQ==
    dependencies:
      json-stringify-safe "^5.0.1"
      minimist "^1.2.5"
      readable-stream "^3.6.0"
      split2 "^3.0.0"
      through2 "^4.0.0"
  
  negotiator@0.6.3:
    version "0.6.3"
    resolved "https://registry.npmjs.org/negotiator/-/negotiator-0.6.3.tgz"
    integrity sha512-+EUsqGPLsM+j/zdChZjsnX51g4XrHFOIXwfnCVPGlQk/k5giakcKsuxCObBRu6DSm9opw/O6slWbJdghQM4bBg==
  
  nid@^1.3.3:
    version "1.3.3"
    resolved "https://registry.npmjs.org/nid/-/nid-1.3.3.tgz"
    integrity sha512-D4icLe9or1K4gsH8CQ2gfnRJECRlq63oNq5LNADMVmyPQqMhtHQIE3LE8bXDbQRYR8yzwoo0stG1m2pL5kr3aA==
  
  nid@^2.0.0:
    version "2.0.0"
    resolved "https://registry.npmjs.org/nid/-/nid-2.0.0.tgz"
    integrity sha512-UMhdH5o6MqA5hj4TAOooSCB644i6JPdx7lV3++9UN55LWByL4MPbVNOTdHg+ipVS7C0e8GIlYnFXRCfUaM4Z/A==
  
  norma@^2.0.2:
    version "2.0.2"
    resolved "https://registry.npmjs.org/norma/-/norma-2.0.2.tgz"
    integrity sha512-dpZEilsy4GuVX3E1/L/7xAFDsv5V7vopP/wOF/yxnw4Qy7vkEQZjL0lEv9nM7BMX0QZNOauL/oHAtZ10BUOTIA==
    dependencies:
      eraro "^2.0.0"
      lodash.isarguments "^3.1.0"
      lodash.isdate "^4.0.1"
      lodash.isnan "^3.0.2"
      lodash.isregexp "^4.0.1"
  
  nua@^2.0.1:
    version "2.0.1"
    resolved "https://registry.npmjs.org/nua/-/nua-2.0.1.tgz"
    integrity sha512-SiL/2rNd7F4HXDzYqbS4qxKYz8hf47R8tNBS8guXlxUxBMXnbB7GLVz04MbGP0FqBVKjn2OaNtOAz1o88h3WjA==
  
  object-assign@^4:
    version "4.1.1"
    resolved "https://registry.yarnpkg.com/object-assign/-/object-assign-4.1.1.tgz#2109adc7965887cfc05cbbd442cac8bfbb360863"
    integrity sha512-rJgTQnkUnH1sFw8yT6VSU3zD3sWmu6sZhIseY8VX+GRu3P6F7Fu+JNDoXfklElbLJSnc3FUQHVe4cU5hj+BcUg==
  
  object-inspect@^1.9.0:
    version "1.12.2"
    resolved "https://registry.npmjs.org/object-inspect/-/object-inspect-1.12.2.tgz"
    integrity sha512-z+cPxW0QGUp0mcqcsgQyLVRDoXFQbXOwBaqyF7VIgI4TWNQsDHrBpUQslRmIfAoYWdYzs6UlKJtB2XJpTaNSpQ==
  
  on-finished@2.4.1:
    version "2.4.1"
    resolved "https://registry.npmjs.org/on-finished/-/on-finished-2.4.1.tgz"
    integrity sha512-oVlzkg3ENAhCk2zdv7IJwd/QUD4z2RxRwpkcGY8psCVcCYZNq4wYnVWALHM+brtuJjePWiYF/ClmuDr8Ch5+kg==
    dependencies:
      ee-first "1.1.1"
  
  on-finished@~2.3.0:
    version "2.3.0"
    resolved "https://registry.yarnpkg.com/on-finished/-/on-finished-2.3.0.tgz#20f1336481b083cd75337992a16971aa2d906947"
    integrity sha512-ikqdkGAAyf/X/gPhXGvfgAytDZtDbr+bkNUJ0N9h5MI/dmdgCs3l6hoHrcUv41sRKew3jIwrp4qQDXiK99Utww==
    dependencies:
      ee-first "1.1.1"
  
  on-headers@~1.0.2:
    version "1.0.2"
    resolved "https://registry.yarnpkg.com/on-headers/-/on-headers-1.0.2.tgz#772b0ae6aaa525c399e489adfad90c403eb3c28f"
    integrity sha512-pZAE+FJLoyITytdqK0U5s+FIpjN0JP3OzFi/u8Rx+EV5/W+JTWGXG8xFzevE7AjBfDqHv/8vL8qQsIhHnqRkrA==
  
  optioner@^5.0.1:
    version "5.0.1"
    resolved "https://registry.npmjs.org/optioner/-/optioner-5.0.1.tgz"
    integrity sha512-WrR6M1H5JnK9lI/0TUDtSdqTwTSLOno4EZR4dC/NAJIz1Z8HePbo37eJqlrx8KP4YpB6lhrtl621gRPuOhgoLQ==
    dependencies:
      "@hapi/hoek" "^9.0.3"
      "@hapi/joi" "^17.1.0"
  
  ordu@^2.2.0:
    version "2.2.0"
    resolved "https://registry.npmjs.org/ordu/-/ordu-2.2.0.tgz"
    integrity sha512-PodC6lVe7P6QjMuOsO10Wk8Q7PA2Ad9dNPal/r/KNK1YOJ3u+is0EUtyTwXRt1adXHG1Z9V1FpVkllg2vHxMyQ==
    dependencies:
      "@hapi/hoek" "^9.2.1"
      nua "^2.0.1"
      strict-event-emitter-types "^2.0.0"
  
  parseurl@~1.3.3:
    version "1.3.3"
    resolved "https://registry.npmjs.org/parseurl/-/parseurl-1.3.3.tgz"
    integrity sha512-CiyeOxFT/JZyN5m0z9PfXw4SCBJ6Sygz1Dpl0wqjlhDEGGBP1GnsUVEL0p63hoG1fcj3fHynXi9NYO4nWOL+qQ==
  
  path-to-regexp@0.1.7:
    version "0.1.7"
    resolved "https://registry.npmjs.org/path-to-regexp/-/path-to-regexp-0.1.7.tgz"
    integrity sha512-5DFkuoqlv1uYQKxy8omFBeJPQcdoE07Kv2sferDCrAq1ohOU+MSDswDIbnx3YAM60qIOnYa53wBhXW0EbMonrQ==
  
  patrun@^7.1.0, patrun@^7.2.4:
    version "7.2.5"
    resolved "https://registry.npmjs.org/patrun/-/patrun-7.2.5.tgz"
    integrity sha512-qj4SBCWWssiYsU+nBqF5BeRdLUaceGdqdOpfVn/7dPb/tnpnvJTHHJmCGcT+jUKvkWJqbC7BLDKm+qkMH85E8Q==
    dependencies:
      gex "^4.0.1"
  
  precond@0.2:
    version "0.2.3"
    resolved "https://registry.npmjs.org/precond/-/precond-0.2.3.tgz"
    integrity sha512-QCYG84SgGyGzqJ/vlMsxeXd/pgL/I94ixdNFyh1PusWmTCyVfPJjZ1K1jvHtsbfnXQs2TSkEP2fR7QiMZAnKFQ==
  
  proxy-addr@~2.0.7:
    version "2.0.7"
    resolved "https://registry.npmjs.org/proxy-addr/-/proxy-addr-2.0.7.tgz"
    integrity sha512-llQsMLSUDUPT44jdrU/O37qlnifitDP+ZwrmmZcoSKyLKvtZxpyV0n2/bD/N4tBAAZ/gJEdZU7KMraoK1+XYAg==
    dependencies:
      forwarded "0.2.0"
      ipaddr.js "1.9.1"
  
  qs@6.10.3, qs@^6.10.3:
    version "6.10.3"
    resolved "https://registry.npmjs.org/qs/-/qs-6.10.3.tgz"
    integrity sha512-wr7M2E0OFRfIfJZjKGieI8lBKb7fRCH4Fv5KNPEs7gJ8jadvotdsS08PzOKR7opXhZ/Xkjtt3WF9g38drmyRqQ==
    dependencies:
      side-channel "^1.0.4"
  
  qs@^6.10.5:
    version "6.11.0"
    resolved "https://registry.npmjs.org/qs/-/qs-6.11.0.tgz"
    integrity sha512-MvjoMCJwEarSbUYk5O+nmoSzSutSsTwF85zcHPQ9OrlFoZOYIjaqBAJIqIXjptyD5vThxGq52Xu/MaJzRkIk4Q==
    dependencies:
      side-channel "^1.0.4"
  
  range-parser@~1.2.1:
    version "1.2.1"
    resolved "https://registry.npmjs.org/range-parser/-/range-parser-1.2.1.tgz"
    integrity sha512-Hrgsx+orqoygnmhFbKaHE6c296J+HTAQXoxEF6gNupROmmGJRoyzfG3ccAveqCBrwr/2yxQ5BVd/GTl5agOwSg==
  
  raw-body@2.3.2:
    version "2.3.2"
    resolved "https://registry.npmjs.org/raw-body/-/raw-body-2.3.2.tgz"
    integrity sha512-Ss0DsBxqLxCmQkfG5yazYhtbVVTJqS9jTsZG2lhrNwqzOk2SUC7O/NB/M//CkEBqsrtmlNgJCPccJGuYSFr6Vg==
    dependencies:
      bytes "3.0.0"
      http-errors "1.6.2"
      iconv-lite "0.4.19"
      unpipe "1.0.0"
  
  raw-body@2.5.1:
    version "2.5.1"
    resolved "https://registry.npmjs.org/raw-body/-/raw-body-2.5.1.tgz"
    integrity sha512-qqJBtEyVgS0ZmPGdCFPWJ3FreoqvG4MVQln/kCgF7Olq95IbOp0/BWyMwbdtn4VTvkM8Y7khCQ2Xgk/tcrCXig==
    dependencies:
      bytes "3.1.2"
      http-errors "2.0.0"
      iconv-lite "0.4.24"
      unpipe "1.0.0"
  
  readable-stream@3, readable-stream@^3.0.0, readable-stream@^3.6.0:
    version "3.6.0"
    resolved "https://registry.npmjs.org/readable-stream/-/readable-stream-3.6.0.tgz"
    integrity sha512-BViHy7LKeTz4oNnkcLJ+lVSL6vpiFeX6/d3oSH8zCW7UxP2onchk+vTGB143xuFjHS3deTgkKoXXymXqymiIdA==
    dependencies:
      inherits "^2.0.3"
      string_decoder "^1.1.1"
      util-deprecate "^1.0.1"
  
  reconnect-core@^1.3.0:
    version "1.3.0"
    resolved "https://registry.npmjs.org/reconnect-core/-/reconnect-core-1.3.0.tgz"
    integrity sha512-+gLKwmyRf2tjl6bLR03DoeWELzyN6LW9Xgr3vh7NXHHwPi0JC0N2TwPyf90oUEBkCRcD+bgQ+s3HORoG3nwHDg==
    dependencies:
      backoff "~2.5.0"
  
  rolling-stats@^0.2.1:
    version "0.2.1"
    resolved "https://registry.npmjs.org/rolling-stats/-/rolling-stats-0.2.1.tgz"
    integrity sha512-A+DC0h7k/3UwFAOEi6He90oMWCrb/Byo8p3bKz+znFQuO1UcsiqosAiLGHyqq68rC601ph+6f7zWhVAFqZF05Q==
  
  safe-buffer@5.1.2:
    version "5.1.2"
    resolved "https://registry.yarnpkg.com/safe-buffer/-/safe-buffer-5.1.2.tgz#991ec69d296e0313747d59bdfd2b745c35f8828d"
    integrity sha512-Gd2UZBJDkXlY7GbJxfsE8/nvKkUEU1G38c1siN6QP6a9PT9MmHB8GnpscSmMJSoF8LOIrt8ud/wPtojys4G6+g==
  
  safe-buffer@5.2.1, safe-buffer@~5.2.0:
    version "5.2.1"
    resolved "https://registry.npmjs.org/safe-buffer/-/safe-buffer-5.2.1.tgz"
    integrity sha512-rp3So07KcdmmKbGvgaNxQSJr7bGVSVk5S9Eq1F+ppbRo70+YeaDxkw5Dd8NPN+GD6bjnYm2VuPuCXmpuYvmCXQ==
  
  "safer-buffer@>= 2.1.2 < 3":
    version "2.1.2"
    resolved "https://registry.npmjs.org/safer-buffer/-/safer-buffer-2.1.2.tgz"
    integrity sha512-YZo3K82SD7Riyi0E1EQPojLz7kpepnSQI9IyPbHHg1XXXevb5dJI7tpyN2ADxGcQbHG7vcyRHk0cbwqcQriUtg==
  
  send@0.18.0:
    version "0.18.0"
    resolved "https://registry.npmjs.org/send/-/send-0.18.0.tgz"
    integrity sha512-qqWzuOjSFOuqPjFe4NOsMLafToQQwBSOEpS+FwEt3A2V3vKubTquT3vmLTQpFgMXp8AlFWFuP1qKaJZOtPpVXg==
    dependencies:
      debug "2.6.9"
      depd "2.0.0"
      destroy "1.2.0"
      encodeurl "~1.0.2"
      escape-html "~1.0.3"
      etag "~1.8.1"
      fresh "0.5.2"
      http-errors "2.0.0"
      mime "1.6.0"
      ms "2.1.3"
      on-finished "2.4.1"
      range-parser "~1.2.1"
      statuses "2.0.1"
  
  seneca-transport@^7.2.0:
    version "7.2.0"
    resolved "https://registry.npmjs.org/seneca-transport/-/seneca-transport-7.2.0.tgz"
    integrity sha512-rbQgonXHnVfl9bmOW0TuCI8IEPW0DvBZUWkcPI9X4DXvGFYdrE5QNj1U1XX6CJfalvr7I1th14YD28hivezW9g==
    dependencies:
      "@hapi/wreck" "^17.2.0"
      eraro "^2.1.0"
      gex "^3.1.0"
      jsonic "^1.0.1"
      lodash.foreach "^4.5.0"
      lodash.omit "^4.5.0"
      lru-cache "^7.10.1"
      ndjson "^2.0.0"
      nid "^2.0.0"
      patrun "^7.1.0"
      qs "^6.10.3"
      reconnect-core "^1.3.0"
  
  seneca@^3.28.2:
    version "3.28.2"
    resolved "https://registry.npmjs.org/seneca/-/seneca-3.28.2.tgz"
    integrity sha512-Hi4jdbiAHsxqVub5x+ROJZXDD/h7pY5mVEt1EqY9aTKk1EgMf3yyUHwuqJxdM5U7Ba8WHo8Dutymq//i2hKP8w==
    dependencies:
      "@hapi/joi" "^17.1.1"
      "@hapi/wreck" "17"
      eraro "^2.1.0"
      fast-safe-stringify "^2.1.1"
      gate-executor "^3.1.1"
      gubu "^3.1.0"
      jsonic "^1.0.1"
      lodash.defaultsdeep "^4.6.1"
      lodash.flatten "^4.4.0"
      lodash.uniq "^4.5.0"
      minimist "^1.2.6"
      nid "^2.0.0"
      norma "^2.0.2"
      optioner "^5.0.1"
      ordu "^2.2.0"
      patrun "^7.2.4"
      qs "^6.10.5"
      rolling-stats "^0.2.1"
      seneca-transport "^7.2.0"
      use-plugin "9"
  
  serve-static@1.15.0:
    version "1.15.0"
    resolved "https://registry.npmjs.org/serve-static/-/serve-static-1.15.0.tgz"
    integrity sha512-XGuRDNjXUijsUL0vl6nSD7cwURuzEgglbOaFuZM9g3kwDXOWVTck0jLzjPzGD+TazWbboZYu52/9/XPdUgne9g==
    dependencies:
      encodeurl "~1.0.2"
      escape-html "~1.0.3"
      parseurl "~1.3.3"
      send "0.18.0"
  
  setprototypeof@1.0.3:
    version "1.0.3"
    resolved "https://registry.npmjs.org/setprototypeof/-/setprototypeof-1.0.3.tgz"
    integrity sha512-9jphSf3UbIgpOX/RKvX02iw/rN2TKdusnsPpGfO/rkcsrd+IRqgHZb4VGnmL0Cynps8Nj2hN45wsi30BzrHDIw==
  
  setprototypeof@1.2.0:
    version "1.2.0"
    resolved "https://registry.npmjs.org/setprototypeof/-/setprototypeof-1.2.0.tgz"
    integrity sha512-E5LDX7Wrp85Kil5bhZv46j8jOeboKq5JMmYM3gVGdGH8xFpPWXUMsNrlODCrkoxMEeNi/XZIwuRvY4XNwYMJpw==
  
  side-channel@^1.0.4:
    version "1.0.4"
    resolved "https://registry.npmjs.org/side-channel/-/side-channel-1.0.4.tgz"
    integrity sha512-q5XPytqFEIKHkGdiMIrY10mvLRvnQh42/+GoBlFW3b2LXLE2xxJpZFdm94we0BaoV3RwJyGqg5wS7epxTv0Zvw==
    dependencies:
      call-bind "^1.0.0"
      get-intrinsic "^1.0.2"
      object-inspect "^1.9.0"
  
  split2@^3.0.0:
    version "3.2.2"
    resolved "https://registry.npmjs.org/split2/-/split2-3.2.2.tgz"
    integrity sha512-9NThjpgZnifTkJpzTZ7Eue85S49QwpNhZTq6GRJwObb6jnLFNGB7Qm73V5HewTROPyxD0C29xqmaI68bQtV+hg==
    dependencies:
      readable-stream "^3.0.0"
  
  statuses@2.0.1:
    version "2.0.1"
    resolved "https://registry.npmjs.org/statuses/-/statuses-2.0.1.tgz"
    integrity sha512-RwNA9Z/7PrK06rYLIzFMlaF+l73iwpzsqRIFgbMLbTcLD6cOao82TaWefPXQvB2fOC4AjuYSEndS7N/mTCbkdQ==
  
  "statuses@>= 1.3.1 < 2":
    version "1.5.0"
    resolved "https://registry.npmjs.org/statuses/-/statuses-1.5.0.tgz"
    integrity sha512-OpZ3zP+jT1PI7I8nemJX4AKmAX070ZkYPVWV/AaKTJl+tXCTGyVdC1a4SL8RUQYEwk/f34ZX8UTykN68FwrqAA==
  
  strict-event-emitter-types@^2.0.0:
    version "2.0.0"
    resolved "https://registry.npmjs.org/strict-event-emitter-types/-/strict-event-emitter-types-2.0.0.tgz"
    integrity sha512-Nk/brWYpD85WlOgzw5h173aci0Teyv8YdIAEtV+N88nDB0dLlazZyJMIsN6eo1/AR61l+p6CJTG1JIyFaoNEEA==
  
  string_decoder@^1.1.1:
    version "1.3.0"
    resolved "https://registry.npmjs.org/string_decoder/-/string_decoder-1.3.0.tgz"
    integrity sha512-hkRX8U1WjJFd8LsDJ2yQ/wWWxaopEsABU1XfkM8A+j0+85JAGppt16cr1Whg6KIbb4okU6Mql6BOj+uup/wKeA==
    dependencies:
      safe-buffer "~5.2.0"
  
  through2@^4.0.0:
    version "4.0.2"
    resolved "https://registry.npmjs.org/through2/-/through2-4.0.2.tgz"
    integrity sha512-iOqSav00cVxEEICeD7TjLB1sueEL+81Wpzp2bY17uZjZN0pWZPuo4suZ/61VujxmqSGFfgOcNuTZ85QJwNZQpw==
    dependencies:
      readable-stream "3"
  
  toidentifier@1.0.1:
    version "1.0.1"
    resolved "https://registry.npmjs.org/toidentifier/-/toidentifier-1.0.1.tgz"
    integrity sha512-o5sSPKEkg/DIQNmH43V0/uerLrpzVedkUh8tGNvaeXpfpuwjKenlSox/2O/BTlZUtEe+JG7s5YhEz608PlAHRA==
  
  type-is@~1.6.18:
    version "1.6.18"
    resolved "https://registry.npmjs.org/type-is/-/type-is-1.6.18.tgz"
    integrity sha512-TkRKr9sUTxEH8MdfuCSP7VizJyzRNMjj2J2do2Jr3Kym598JVdEksuzPQCnlFPW4ky9Q+iA+ma9BGm06XQBy8g==
    dependencies:
      media-typer "0.3.0"
      mime-types "~2.1.24"
  
  typescript@^4.7.4:
    version "4.7.4"
    resolved "https://registry.npmjs.org/typescript/-/typescript-4.7.4.tgz"
    integrity sha512-C0WQT0gezHuw6AdY1M2jxUO83Rjf0HP7Sk1DtXj6j1EwkQNZrHAg2XPWlq62oqEhYvONq5pkC2Y9oPljWToLmQ==
  
  unpipe@1.0.0, unpipe@~1.0.0:
    version "1.0.0"
    resolved "https://registry.npmjs.org/unpipe/-/unpipe-1.0.0.tgz"
    integrity sha512-pjy2bYhSsufwWlKwPc+l3cN7+wuJlK6uz0YdJEOlQDbl6jo/YlPi4mb8agUkVC8BF7V8NuzeyPNqRksA3hztKQ==
  
  use-plugin@9:
    version "9.1.0"
    resolved "https://registry.npmjs.org/use-plugin/-/use-plugin-9.1.0.tgz"
    integrity sha512-7RyrqYwqIRpXA0hF3Xlcs1S0liK1MfYiMzaSspQGCZWPssVdb6fEWJEz6U3WC04o8ke3bU7bt6Ov+AmzKGFEEg==
    dependencies:
      eraro "^2.1.0"
      nid "^1.3.3"
      norma "^2.0.2"
      optioner "^5.0.1"
  
  util-deprecate@^1.0.1:
    version "1.0.2"
    resolved "https://registry.npmjs.org/util-deprecate/-/util-deprecate-1.0.2.tgz"
    integrity sha512-EPD5q1uXyFxJpCrLnCc1nHnq3gOa6DZBocAIiI2TaSCA7VCJ1UJDMagCzIkXNsUYfD1daK//LTEQ8xiIbrHtcw==
  
  utils-merge@1.0.1:
    version "1.0.1"
    resolved "https://registry.npmjs.org/utils-merge/-/utils-merge-1.0.1.tgz"
    integrity sha512-pMZTvIkT1d+TFGvDOqodOclx0QWkkgi6Tdoa8gC8ffGAAqz9pzPTZWAybbsHHoED/ztMtkv/VoYTYyShUn81hA==
  
  vary@^1, vary@~1.1.2:
    version "1.1.2"
    resolved "https://registry.npmjs.org/vary/-/vary-1.1.2.tgz"
    integrity sha512-BNGbWLfd0eUPabhkXUVm0j8uuvREyTh5ovRa/dyow/BqAbZJyC+5fU+IzQOzmAKzYqYRAISoRhdQr3eIZ/PXqg==
